Date - 15/10/2020 13:10:40
No module named 'os2'
Date - 15/10/2020 13:11:34
No module named 'os2'
Date - 16/10/2020 14:37:10
cannot import name 'QEventLoop' from 'PyQt5' (C:\ProgramData\Anaconda3\lib\site-packages\PyQt5\__init__.py)
Date - 28/11/2020 07:23:19
No module named 'cv2'
Date - 28/11/2020 07:23:23
No module named 'cv2'
Date - 28/11/2020 07:23:46
No module named 'cv2'
Date - 28/11/2020 07:24:08
No module named 'cv2'
Date - 28/11/2020 07:24:38
No module named 'cv2'
Date - 28/11/2020 07:25:06
No module named 'cv2'
Date - 28/11/2020 07:25:50
No module named 'cv2'
Date - 28/11/2020 07:25:52
No module named 'cv2'
Date - 28/11/2020 07:25:55
No module named 'cv2'
Date - 28/11/2020 07:26:16
No module named 'cv2'
Date - 28/11/2020 09:10:53
No module named 'cv2'
Date - 28/11/2020 10:44:51
No module named 'cv2'
Date - 28/11/2020 10:46:47
No module named 'imutils'
Date - 04/12/2020 22:53:48
No module named 'pydicom'
Date - 04/12/2020 22:53:51
No module named 'pydicom'
Date - 04/12/2020 22:54:17
No module named 'pydicom'
Date - 04/12/2020 22:59:21
No module named 'pydicom'
Date - 04/12/2020 23:00:59
No module named 'pandas'
Date - 04/12/2020 23:01:14
No module named 'pandas'
Date - 04/12/2020 23:01:22
No module named 'pandas'
Date - 04/12/2020 23:01:46
No module named 'pandas'
Date - 30/12/2020 13:56:08
cannot import name 'QtsetLayouts' from 'PyQt5' (C:\Users\rgkog\Anaconda3\lib\site-packages\PyQt5\__init__.py)
Date - 30/12/2020 13:56:22
cannot import name 'QtsetLayouts' from 'PyQt5' (C:\Users\rgkog\Anaconda3\lib\site-packages\PyQt5\__init__.py)
Date - 30/12/2020 13:56:38
cannot import name 'QtsetLayouts' from 'PyQt5' (C:\Users\rgkog\Anaconda3\lib\site-packages\PyQt5\__init__.py)
Date - 30/12/2020 13:56:48
cannot import name 'QtsetLayouts' from 'PyQt5' (C:\Users\rgkog\Anaconda3\lib\site-packages\PyQt5\__init__.py)
Date - 30/12/2020 13:56:54
cannot import name 'QtsetLayouts' from 'PyQt5' (C:\Users\rgkog\Anaconda3\lib\site-packages\PyQt5\__init__.py)
Date - 30/12/2020 13:57:07
cannot import name 'QtsetLayouts' from 'PyQt5' (C:\Users\rgkog\Anaconda3\lib\site-packages\PyQt5\__init__.py)
Date - 30/12/2020 13:57:14
cannot import name 'QtsetLayouts' from 'PyQt5' (C:\Users\rgkog\Anaconda3\lib\site-packages\PyQt5\__init__.py)
Date - 30/12/2020 13:58:08
cannot import name 'QtsetLayouts' from 'PyQt5' (C:\Users\rgkog\Anaconda3\lib\site-packages\PyQt5\__init__.py)
Date - 30/12/2020 13:58:10
cannot import name 'QtsetLayouts' from 'PyQt5' (C:\Users\rgkog\Anaconda3\lib\site-packages\PyQt5\__init__.py)
Date - 30/12/2020 14:02:15
cannot import name 'QtsetLayouts' from 'PyQt5' (C:\Users\rgkog\Anaconda3\lib\site-packages\PyQt5\__init__.py)
Date - 30/12/2020 14:02:16
cannot import name 'QtsetLayouts' from 'PyQt5' (C:\Users\rgkog\Anaconda3\lib\site-packages\PyQt5\__init__.py)
